DEBUG : 2021-07-12 10:11:45,350 Queue and processes created
DEBUG : 2021-07-12 10:11:45,481 Processes started
DEBUG : 2021-07-12 10:11:45,485 i2c_object = ((BME temp, humidity, pressure, TMP temp), (OX, RED, NH3), lux, proximity)
INFO : 2021-07-12 10:11:46,386 (<MessageType.I2C_MESSAGE: 1>, ({'t': 31.73, 'p': 1003.43, 'h': 58.31, 'rt': 25.15}, {'ox': 18167.0, 'red': 42228.0, 'nh3': 54624.0}, 30.2, 0))
INFO : 2021-07-12 10:11:55,711 (<MessageType.I2S_MESSAGE: 2>, (37.495, 3525.7110000000002))
INFO : 2021-07-12 10:11:56,484 (<MessageType.I2C_MESSAGE: 1>, ({'t': 31.69, 'p': 1003.44, 'h': 58.21, 'rt': 25.15}, {'ox': 11167.0, 'red': 381112.0, 'nh3': 82099.0}, 30.1, 0))
INFO : 2021-07-12 10:12:05,855 (<MessageType.I2S_MESSAGE: 2>, (28.125, 3514.8240000000005))
INFO : 2021-07-12 10:12:06,594 (<MessageType.I2C_MESSAGE: 1>, ({'t': 31.66, 'p': 1003.44, 'h': 58.48, 'rt': 25.2}, {'ox': 11427.0, 'red': 381112.0, 'nh3': 90397.0}, 30.0, 4))
INFO : 2021-07-12 10:12:15,997 (<MessageType.I2S_MESSAGE: 2>, (34.3275, 3514.47))
INFO : 2021-07-12 10:12:16,695 (<MessageType.I2C_MESSAGE: 1>, ({'t': 31.65, 'p': 1003.44, 'h': 58.63, 'rt': 25.15}, {'ox': 12112.0, 'red': 376949.0, 'nh3': 94003.0}, 30.3, 0))
INFO : 2021-07-12 10:12:26,136 (<MessageType.I2S_MESSAGE: 2>, (31.208571428571428, 3519.9079999999994))
INFO : 2021-07-12 10:12:26,792 (<MessageType.I2C_MESSAGE: 1>, ({'t': 31.63, 'p': 1003.44, 'h': 59.08, 'rt': 25.15}, {'ox': 12874.0, 'red': 374897.0, 'nh3': 96000.0}, 30.2, 5))
INFO : 2021-07-12 10:12:36,291 (<MessageType.I2S_MESSAGE: 2>, (30.573, 3525.7349999999997))
INFO : 2021-07-12 10:12:36,902 (<MessageType.I2C_MESSAGE: 1>, ({'t': 31.68, 'p': 1003.44, 'h': 58.72, 'rt': 25.15}, {'ox': 13588.0, 'red': 374897.0, 'nh3': 96763.0}, 29.8, 0))
INFO : 2021-07-12 10:12:46,450 (<MessageType.I2S_MESSAGE: 2>, (31.38, 3524.583))
INFO : 2021-07-12 10:12:47,010 (<MessageType.I2C_MESSAGE: 1>, ({'t': 31.71, 'p': 1003.43, 'h': 58.18, 'rt': 25.15}, {'ox': 12759.0, 'red': 372864.0, 'nh3': 97019.0}, 30.0, 0))
INFO : 2021-07-12 10:12:56,602 (<MessageType.I2S_MESSAGE: 2>, (29.379444444444445, 3527.6520000000005))
INFO : 2021-07-12 10:12:57,115 (<MessageType.I2C_MESSAGE: 1>, ({'t': 31.73, 'p': 1003.44, 'h': 58.61, 'rt': 25.2}, {'ox': 13225.0, 'red': 370851.0, 'nh3': 97276.0}, 29.8, 0))
INFO : 2021-07-12 10:13:06,753 (<MessageType.I2S_MESSAGE: 2>, (31.491666666666664, 3529.137))
INFO : 2021-07-12 10:13:07,229 (<MessageType.I2C_MESSAGE: 1>, ({'t': 31.76, 'p': 1003.45, 'h': 58.08, 'rt': 25.15}, {'ox': 13624.0, 'red': 370851.0, 'nh3': 97276.0}, 30.2, 0))
INFO : 2021-07-12 10:13:16,907 (<MessageType.I2S_MESSAGE: 2>, (31.645000000000003, 3527.79))
INFO : 2021-07-12 10:13:17,340 (<MessageType.I2C_MESSAGE: 1>, ({'t': 31.8, 'p': 1003.44, 'h': 58.5, 'rt': 25.15}, {'ox': 13966.0, 'red': 368856.0, 'nh3': 97276.0}, 30.1, 0))
INFO : 2021-07-12 10:13:27,066 (<MessageType.I2S_MESSAGE: 2>, (39.511875, 3532.5089999999996))
INFO : 2021-07-12 10:13:27,451 (<MessageType.I2C_MESSAGE: 1>, ({'t': 31.81, 'p': 1003.44, 'h': 58.11, 'rt': 25.15}, {'ox': 14266.0, 'red': 366880.0, 'nh3': 97276.0}, 30.1, 34))
INFO : 2021-07-12 10:13:37,226 (<MessageType.I2S_MESSAGE: 2>, (36.424499999999995, 3534.2560000000003))
INFO : 2021-07-12 10:13:37,560 (<MessageType.I2C_MESSAGE: 1>, ({'t': 31.83, 'p': 1003.43, 'h': 58.34, 'rt': 25.2}, {'ox': 14538.0, 'red': 366880.0, 'nh3': 97019.0}, 30.1, 0))
INFO : 2021-07-12 10:13:47,383 (<MessageType.I2S_MESSAGE: 2>, (36.7395, 3531.5009999999993))
INFO : 2021-07-12 10:13:47,670 (<MessageType.I2C_MESSAGE: 1>, ({'t': 31.83, 'p': 1003.43, 'h': 58.17, 'rt': 25.2}, {'ox': 14781.0, 'red': 366880.0, 'nh3': 97019.0}, 30.3, 0))
INFO : 2021-07-12 10:13:57,537 (<MessageType.I2S_MESSAGE: 2>, (31.372999999999998, 3534.8920000000007))
INFO : 2021-07-12 10:13:57,775 (<MessageType.I2C_MESSAGE: 1>, ({'t': 31.84, 'p': 1003.44, 'h': 58.35, 'rt': 25.2}, {'ox': 14996.0, 'red': 364922.0, 'nh3': 97276.0}, 30.3, 0))
INFO : 2021-07-12 10:14:07,702 (<MessageType.I2S_MESSAGE: 2>, (31.393888888888892, 3533.121))
INFO : 2021-07-12 10:14:07,887 (<MessageType.I2C_MESSAGE: 1>, ({'t': 31.9, 'p': 1003.45, 'h': 57.74, 'rt': 25.2}, {'ox': 15195.0, 'red': 364922.0, 'nh3': 97019.0}, 30.0, 5))
INFO : 2021-07-12 10:14:17,866 (<MessageType.I2S_MESSAGE: 2>, (33.7775, 3532.3839999999996))
INFO : 2021-07-12 10:14:18,013 (<MessageType.I2C_MESSAGE: 1>, ({'t': 31.93, 'p': 1003.45, 'h': 57.85, 'rt': 25.2}, {'ox': 15365.0, 'red': 362983.0, 'nh3': 97019.0}, 30.0, 1))
INFO : 2021-07-12 10:14:28,018 (<MessageType.I2S_MESSAGE: 2>, (42.8665, 3534.0559999999996))
INFO : 2021-07-12 10:14:28,153 (<MessageType.I2C_MESSAGE: 1>, ({'t': 31.97, 'p': 1003.44, 'h': 57.72, 'rt': 25.15}, {'ox': 15536.0, 'red': 362983.0, 'nh3': 97019.0}, 29.9, 0))
INFO : 2021-07-12 10:14:38,193 (<MessageType.I2S_MESSAGE: 2>, (30.837222222222223, 3535.863999999999))
INFO : 2021-07-12 10:14:38,303 (<MessageType.I2C_MESSAGE: 1>, ({'t': 31.99, 'p': 1003.43, 'h': 58.03, 'rt': 25.2}, {'ox': 15660.0, 'red': 362983.0, 'nh3': 96763.0}, 30.2, 0))
INFO : 2021-07-12 10:14:48,391 (<MessageType.I2S_MESSAGE: 2>, (29.09388888888889, 3535.4119999999994))
INFO : 2021-07-12 10:14:48,474 (<MessageType.I2C_MESSAGE: 1>, ({'t': 32.01, 'p': 1003.42, 'h': 57.3, 'rt': 25.2}, {'ox': 15801.0, 'red': 361061.0, 'nh3': 96508.0}, 30.2, 2))
INFO : 2021-07-12 10:14:58,585 (<MessageType.I2S_MESSAGE: 2>, (36.2455, 3536.478))
INFO : 2021-07-12 10:14:58,628 (<MessageType.I2C_MESSAGE: 1>, ({'t': 32.06, 'p': 1003.41, 'h': 57.19, 'rt': 25.2}, {'ox': 15942.0, 'red': 361061.0, 'nh3': 96763.0}, 30.1, 0))
INFO : 2021-07-12 10:15:08,855 (<MessageType.I2C_MESSAGE: 1>, ({'t': 32.08, 'p': 1003.4, 'h': 57.34, 'rt': 25.2}, {'ox': 16021.0, 'red': 359156.0, 'nh3': 96508.0}, 30.6, 0))
INFO : 2021-07-12 10:15:09,006 (<MessageType.I2S_MESSAGE: 2>, (29.641875000000002, 3536.219))
INFO : 2021-07-12 10:15:19,010 (<MessageType.I2C_MESSAGE: 1>, ({'t': 32.08, 'p': 1003.4, 'h': 57.7, 'rt': 25.2}, {'ox': 16131.0, 'red': 359156.0, 'nh3': 96508.0}, 30.1, 0))
INFO : 2021-07-12 10:15:19,219 (<MessageType.I2S_MESSAGE: 2>, (31.12125, 3541.072))
INFO : 2021-07-12 10:15:29,128 (<MessageType.I2C_MESSAGE: 1>, ({'t': 32.09, 'p': 1003.4, 'h': 57.84, 'rt': 25.2}, {'ox': 16257.0, 'red': 361061.0, 'nh3': 96763.0}, 30.1, 0))
INFO : 2021-07-12 10:15:29,348 (<MessageType.I2S_MESSAGE: 2>, (35.36277777777778, 3535.8370000000004))
INFO : 2021-07-12 10:15:39,251 (<MessageType.I2C_MESSAGE: 1>, ({'t': 32.13, 'p': 1003.4, 'h': 57.35, 'rt': 25.2}, {'ox': 16321.0, 'red': 357270.0, 'nh3': 96254.0}, 30.4, 0))
INFO : 2021-07-12 10:15:39,476 (<MessageType.I2S_MESSAGE: 2>, (37.3985, 3533.818))
INFO : 2021-07-12 10:15:49,368 (<MessageType.I2C_MESSAGE: 1>, ({'t': 32.13, 'p': 1003.4, 'h': 57.77, 'rt': 25.15}, {'ox': 16384.0, 'red': 357270.0, 'nh3': 96000.0}, 30.2, 0))
INFO : 2021-07-12 10:15:49,607 (<MessageType.I2S_MESSAGE: 2>, (42.027, 3535.7580000000003))
INFO : 2021-07-12 10:15:59,524 (<MessageType.I2C_MESSAGE: 1>, ({'t': 32.1, 'p': 1003.39, 'h': 57.36, 'rt': 25.2}, {'ox': 16479.0, 'red': 357270.0, 'nh3': 96000.0}, 30.2, 1))
INFO : 2021-07-12 10:15:59,738 (<MessageType.I2S_MESSAGE: 2>, (33.8855, 3534.451))
INFO : 2021-07-12 10:16:09,642 (<MessageType.I2C_MESSAGE: 1>, ({'t': 32.09, 'p': 1003.38, 'h': 57.76, 'rt': 25.2}, {'ox': 16527.0, 'red': 357270.0, 'nh3': 96000.0}, 30.2, 0))
INFO : 2021-07-12 10:16:09,861 (<MessageType.I2S_MESSAGE: 2>, (29.335000000000004, 3535.9299999999994))
INFO : 2021-07-12 10:16:19,758 (<MessageType.I2C_MESSAGE: 1>, ({'t': 32.11, 'p': 1003.39, 'h': 57.35, 'rt': 25.2}, {'ox': 16575.0, 'red': 355400.0, 'nh3': 95748.0}, 30.1, 0))
INFO : 2021-07-12 10:16:19,983 (<MessageType.I2S_MESSAGE: 2>, (37.0655, 3533.9089999999997))
INFO : 2021-07-12 10:16:29,875 (<MessageType.I2C_MESSAGE: 1>, ({'t': 32.14, 'p': 1003.38, 'h': 57.78, 'rt': 25.2}, {'ox': 16671.0, 'red': 357270.0, 'nh3': 96000.0}, 30.4, 4))
INFO : 2021-07-12 10:16:30,117 (<MessageType.I2S_MESSAGE: 2>, (36.124, 3535.4849999999997))
INFO : 2021-07-12 10:16:39,995 (<MessageType.I2C_MESSAGE: 1>, ({'t': 32.18, 'p': 1003.38, 'h': 57.12, 'rt': 25.2}, {'ox': 16734.0, 'red': 355400.0, 'nh3': 96000.0}, 30.4, 0))
INFO : 2021-07-12 10:16:40,298 (<MessageType.I2S_MESSAGE: 2>, (28.993000000000002, 3535.7229999999995))
INFO : 2021-07-12 10:16:50,107 (<MessageType.I2C_MESSAGE: 1>, ({'t': 32.23, 'p': 1003.38, 'h': 56.73, 'rt': 25.2}, {'ox': 16815.0, 'red': 355400.0, 'nh3': 96000.0}, 30.4, 0))
INFO : 2021-07-12 10:16:50,449 (<MessageType.I2S_MESSAGE: 2>, (36.598125, 3537.358))
INFO : 2021-07-12 10:17:00,228 (<MessageType.I2C_MESSAGE: 1>, ({'t': 32.24, 'p': 1003.38, 'h': 56.99, 'rt': 25.2}, {'ox': 16879.0, 'red': 355400.0, 'nh3': 96254.0}, 30.1, 0))
INFO : 2021-07-12 10:17:00,593 (<MessageType.I2S_MESSAGE: 2>, (36.188, 3537.328))
INFO : 2021-07-12 10:17:10,346 (<MessageType.I2C_MESSAGE: 1>, ({'t': 32.26, 'p': 1003.36, 'h': 57.46, 'rt': 25.2}, {'ox': 16927.0, 'red': 355400.0, 'nh3': 96000.0}, 30.1, 0))
INFO : 2021-07-12 10:17:10,715 (<MessageType.I2S_MESSAGE: 2>, (37.79722222222222, 3534.9369999999994))
INFO : 2021-07-12 10:17:20,460 (<MessageType.I2C_MESSAGE: 1>, ({'t': 32.31, 'p': 1003.34, 'h': 57.17, 'rt': 25.2}, {'ox': 16975.0, 'red': 353547.0, 'nh3': 95748.0}, 30.6, 0))
INFO : 2021-07-12 10:17:20,858 (<MessageType.I2S_MESSAGE: 2>, (28.681250000000002, 3538.386))
INFO : 2021-07-12 10:17:30,578 (<MessageType.I2C_MESSAGE: 1>, ({'t': 32.34, 'p': 1003.36, 'h': 56.96, 'rt': 25.2}, {'ox': 17024.0, 'red': 353547.0, 'nh3': 95748.0}, 30.5, 3))
INFO : 2021-07-12 10:17:31,003 (<MessageType.I2S_MESSAGE: 2>, (30.543333333333337, 3536.693))
INFO : 2021-07-12 10:17:40,690 (<MessageType.I2C_MESSAGE: 1>, ({'t': 32.39, 'p': 1003.35, 'h': 56.82, 'rt': 25.2}, {'ox': 17056.0, 'red': 353547.0, 'nh3': 95748.0}, 30.4, 0))
INFO : 2021-07-12 10:17:41,146 (<MessageType.I2S_MESSAGE: 2>, (29.675000000000004, 3537.057))
INFO : 2021-07-12 10:17:50,809 (<MessageType.I2C_MESSAGE: 1>, ({'t': 32.43, 'p': 1003.34, 'h': 56.58, 'rt': 25.2}, {'ox': 17104.0, 'red': 353547.0, 'nh3': 96000.0}, 30.3, 0))
INFO : 2021-07-12 10:17:51,294 (<MessageType.I2S_MESSAGE: 2>, (29.46875, 3538.595))
INFO : 2021-07-12 10:18:00,922 (<MessageType.I2C_MESSAGE: 1>, ({'t': 32.49, 'p': 1003.34, 'h': 56.56, 'rt': 25.2}, {'ox': 17137.0, 'red': 351710.0, 'nh3': 95748.0}, 30.4, 0))
INFO : 2021-07-12 10:18:01,437 (<MessageType.I2S_MESSAGE: 2>, (35.686, 3540.2589999999996))
INFO : 2021-07-12 10:18:11,039 (<MessageType.I2C_MESSAGE: 1>, ({'t': 32.52, 'p': 1003.34, 'h': 56.23, 'rt': 25.2}, {'ox': 17169.0, 'red': 351710.0, 'nh3': 95496.0}, 30.3, 0))
INFO : 2021-07-12 10:18:11,592 (<MessageType.I2S_MESSAGE: 2>, (29.706111111111113, 3537.5340000000006))
DEBUG : 2021-07-12 10:21:18,223 Queue and processes created
DEBUG : 2021-07-12 10:21:18,344 Processes started
DEBUG : 2021-07-12 10:21:18,380 i2c_object = ((BME temp, humidity, pressure, TMP temp), (OX, RED, NH3), lux, proximity)
INFO : 2021-07-12 10:21:19,232 (<MessageType.I2C_MESSAGE: 1>, ({'t': 32.6, 'p': 1003.25, 'h': 56.47, 'rt': 25.2}, {'ox': 17985.0, 'red': 353547.0, 'nh3': 96508.0}, 1.3, 1))
INFO : 2021-07-12 10:21:28,571 (<MessageType.I2S_MESSAGE: 2>, (30.765, 3539.017))
INFO : 2021-07-12 10:21:29,321 (<MessageType.I2C_MESSAGE: 1>, ({'t': 32.63, 'p': 1003.27, 'h': 56.24, 'rt': 25.2}, {'ox': 18018.0, 'red': 353547.0, 'nh3': 96508.0}, 30.0, 0))
INFO : 2021-07-12 10:21:38,701 (<MessageType.I2S_MESSAGE: 2>, (36.3535, 3526.807))
INFO : 2021-07-12 10:21:39,422 (<MessageType.I2C_MESSAGE: 1>, ({'t': 32.61, 'p': 1003.27, 'h': 56.23, 'rt': 25.25}, {'ox': 18035.0, 'red': 351710.0, 'nh3': 96508.0}, 28.9, 0))
INFO : 2021-07-12 10:21:48,831 (<MessageType.I2S_MESSAGE: 2>, (36.84222222222222, 3536.023))
INFO : 2021-07-12 10:21:49,526 (<MessageType.I2C_MESSAGE: 1>, ({'t': 32.57, 'p': 1003.29, 'h': 57.07, 'rt': 25.2}, {'ox': 18068.0, 'red': 351710.0, 'nh3': 96508.0}, 29.2, 0))
INFO : 2021-07-12 10:21:58,969 (<MessageType.I2S_MESSAGE: 2>, (43.300000000000004, 3537.6449999999995))
INFO : 2021-07-12 10:21:59,621 (<MessageType.I2C_MESSAGE: 1>, ({'t': 32.51, 'p': 1003.3, 'h': 57.44, 'rt': 25.25}, {'ox': 18117.0, 'red': 353547.0, 'nh3': 96763.0}, 30.1, 0))
INFO : 2021-07-12 10:22:09,098 (<MessageType.I2S_MESSAGE: 2>, (42.49333333333334, 3535.2290000000003))
INFO : 2021-07-12 10:22:09,717 (<MessageType.I2C_MESSAGE: 1>, ({'t': 32.51, 'p': 1003.31, 'h': 56.98, 'rt': 25.2}, {'ox': 18151.0, 'red': 353547.0, 'nh3': 96763.0}, 30.1, 0))
INFO : 2021-07-12 10:22:19,231 (<MessageType.I2S_MESSAGE: 2>, (31.724375000000002, 3535.818))
INFO : 2021-07-12 10:22:19,821 (<MessageType.I2C_MESSAGE: 1>, ({'t': 32.51, 'p': 1003.32, 'h': 57.08, 'rt': 25.2}, {'ox': 18167.0, 'red': 353547.0, 'nh3': 96763.0}, 30.1, 0))
INFO : 2021-07-12 10:22:29,368 (<MessageType.I2S_MESSAGE: 2>, (31.590500000000002, 3537.2519999999995))
INFO : 2021-07-12 10:22:29,916 (<MessageType.I2C_MESSAGE: 1>, ({'t': 32.51, 'p': 1003.31, 'h': 57.14, 'rt': 25.2}, {'ox': 18184.0, 'red': 353547.0, 'nh3': 96763.0}, 30.4, 0))
INFO : 2021-07-12 10:22:39,497 (<MessageType.I2S_MESSAGE: 2>, (31.631666666666668, 3538.3830000000003))
INFO : 2021-07-12 10:22:40,014 (<MessageType.I2C_MESSAGE: 1>, ({'t': 32.54, 'p': 1003.3, 'h': 56.28, 'rt': 25.2}, {'ox': 18233.0, 'red': 353547.0, 'nh3': 96763.0}, 30.4, 0))
DEBUG : 2021-07-12 10:22:45,418 SPMMA app stops...

